<?xml version="1.0" encoding="UTF-8"?>
<testng-results skipped="0" failed="3" ignored="0" total="19" passed="16">
  <reporter-output>
  </reporter-output>
  <suite name="Surefire suite" duration-ms="343103" started-at="2022-07-27T21:46:05 EET" finished-at="2022-07-27T21:51:48 EET">
    <groups>
      <group name="cucumber">
        <method signature="AbstractTestNGCucumberTests.runScenario(io.cucumber.testng.PickleWrapper,io.cucumber.testng.FeatureWrapper)[pri:0, instance:org.example.testRunner.runners@52f759d7]" name="runScenario" class="io.cucumber.testng.AbstractTestNGCucumberTests"/>
      </group> <!-- cucumber -->
    </groups>
    <test name="Surefire test" duration-ms="343103" started-at="2022-07-27T21:46:05 EET" finished-at="2022-07-27T21:51:48 EET">
      <class name="org.example.testRunner.runners">
        <test-method status="PASS" signature="setUpClass(org.testng.ITestContext)[pri:0, instance:org.example.testRunner.runners@52f759d7]" name="setUpClass" is-config="true" duration-ms="1484" started-at="2022-07-27T21:46:05 EET" finished-at="2022-07-27T21:46:07 EET">
          <params>
            <param index="0">
              <value>
                <![CDATA[org.testng.TestRunner@2c9cafa5]]>
              </value>
            </param>
          </params>
          <reporter-output>
          </reporter-output>
        </test-method> <!-- setUpClass -->
        <test-method status="PASS" signature="runScenario(io.cucumber.testng.PickleWrapper,io.cucumber.testng.FeatureWrapper)[pri:0, instance:org.example.testRunner.runners@52f759d7]" name="runScenario" duration-ms="20354" started-at="2022-07-27T21:46:07 EET" description="Runs Cucumber Scenarios" data-provider="scenarios" finished-at="2022-07-27T21:46:27 EET">
          <params>
            <param index="0">
              <value>
                <![CDATA["guest user could register with valid data successfully"]]>
              </value>
            </param>
            <param index="1">
              <value>
                <![CDATA["F01_Register | users could register with new accounts"]]>
              </value>
            </param>
          </params>
          <reporter-output>
          </reporter-output>
        </test-method> <!-- runScenario -->
        <test-method status="PASS" signature="runScenario(io.cucumber.testng.PickleWrapper,io.cucumber.testng.FeatureWrapper)[pri:0, instance:org.example.testRunner.runners@52f759d7]" name="runScenario" duration-ms="21439" started-at="2022-07-27T21:46:27 EET" description="Runs Cucumber Scenarios" data-provider="scenarios" finished-at="2022-07-27T21:46:49 EET">
          <params>
            <param index="0">
              <value>
                <![CDATA["user could login with valid email and password"]]>
              </value>
            </param>
            <param index="1">
              <value>
                <![CDATA["F02_Login | users could use login functionality to use their accounts"]]>
              </value>
            </param>
          </params>
          <reporter-output>
          </reporter-output>
        </test-method> <!-- runScenario -->
        <test-method status="PASS" signature="runScenario(io.cucumber.testng.PickleWrapper,io.cucumber.testng.FeatureWrapper)[pri:0, instance:org.example.testRunner.runners@52f759d7]" name="runScenario" duration-ms="30350" started-at="2022-07-27T21:46:49 EET" description="Runs Cucumber Scenarios" data-provider="scenarios" finished-at="2022-07-27T21:47:19 EET">
          <params>
            <param index="0">
              <value>
                <![CDATA["user could login with invalid email and password"]]>
              </value>
            </param>
            <param index="1">
              <value>
                <![CDATA["F02_Login | users could use login functionality to use their accounts"]]>
              </value>
            </param>
          </params>
          <reporter-output>
          </reporter-output>
        </test-method> <!-- runScenario -->
        <test-method status="PASS" signature="runScenario(io.cucumber.testng.PickleWrapper,io.cucumber.testng.FeatureWrapper)[pri:0, instance:org.example.testRunner.runners@52f759d7]" name="runScenario" duration-ms="23549" started-at="2022-07-27T21:47:19 EET" description="Runs Cucumber Scenarios" data-provider="scenarios" finished-at="2022-07-27T21:47:43 EET">
          <params>
            <param index="0">
              <value>
                <![CDATA["user could change currency feature"]]>
              </value>
            </param>
            <param index="1">
              <value>
                <![CDATA["Change Currency Feature"]]>
              </value>
            </param>
          </params>
          <reporter-output>
          </reporter-output>
        </test-method> <!-- runScenario -->
        <test-method status="PASS" signature="runScenario(io.cucumber.testng.PickleWrapper,io.cucumber.testng.FeatureWrapper)[pri:0, instance:org.example.testRunner.runners@52f759d7]" name="runScenario" duration-ms="20006" started-at="2022-07-27T21:47:43 EET" description="Runs Cucumber Scenarios" data-provider="scenarios" finished-at="2022-07-27T21:48:03 EET">
          <params>
            <param index="0">
              <value>
                <![CDATA["user could search using product name"]]>
              </value>
            </param>
            <param index="1">
              <value>
                <![CDATA["Search Feature"]]>
              </value>
            </param>
          </params>
          <reporter-output>
          </reporter-output>
        </test-method> <!-- runScenario -->
        <test-method status="PASS" signature="runScenario(io.cucumber.testng.PickleWrapper,io.cucumber.testng.FeatureWrapper)[pri:0, instance:org.example.testRunner.runners@52f759d7]" name="runScenario" duration-ms="17604" started-at="2022-07-27T21:48:03 EET" description="Runs Cucumber Scenarios" data-provider="scenarios" finished-at="2022-07-27T21:48:20 EET">
          <params>
            <param index="0">
              <value>
                <![CDATA["user could search using product name"]]>
              </value>
            </param>
            <param index="1">
              <value>
                <![CDATA["Search Feature"]]>
              </value>
            </param>
          </params>
          <reporter-output>
          </reporter-output>
        </test-method> <!-- runScenario -->
        <test-method status="PASS" signature="runScenario(io.cucumber.testng.PickleWrapper,io.cucumber.testng.FeatureWrapper)[pri:0, instance:org.example.testRunner.runners@52f759d7]" name="runScenario" duration-ms="17409" started-at="2022-07-27T21:48:20 EET" description="Runs Cucumber Scenarios" data-provider="scenarios" finished-at="2022-07-27T21:48:38 EET">
          <params>
            <param index="0">
              <value>
                <![CDATA["user could search using product name"]]>
              </value>
            </param>
            <param index="1">
              <value>
                <![CDATA["Search Feature"]]>
              </value>
            </param>
          </params>
          <reporter-output>
          </reporter-output>
        </test-method> <!-- runScenario -->
        <test-method status="PASS" signature="runScenario(io.cucumber.testng.PickleWrapper,io.cucumber.testng.FeatureWrapper)[pri:0, instance:org.example.testRunner.runners@52f759d7]" name="runScenario" duration-ms="20205" started-at="2022-07-27T21:48:38 EET" description="Runs Cucumber Scenarios" data-provider="scenarios" finished-at="2022-07-27T21:48:58 EET">
          <params>
            <param index="0">
              <value>
                <![CDATA["user could search for product using sku"]]>
              </value>
            </param>
            <param index="1">
              <value>
                <![CDATA["Search Feature"]]>
              </value>
            </param>
          </params>
          <reporter-output>
          </reporter-output>
        </test-method> <!-- runScenario -->
        <test-method status="PASS" signature="runScenario(io.cucumber.testng.PickleWrapper,io.cucumber.testng.FeatureWrapper)[pri:0, instance:org.example.testRunner.runners@52f759d7]" name="runScenario" duration-ms="22482" started-at="2022-07-27T21:48:58 EET" description="Runs Cucumber Scenarios" data-provider="scenarios" finished-at="2022-07-27T21:49:20 EET">
          <params>
            <param index="0">
              <value>
                <![CDATA["user could search for product using sku"]]>
              </value>
            </param>
            <param index="1">
              <value>
                <![CDATA["Search Feature"]]>
              </value>
            </param>
          </params>
          <reporter-output>
          </reporter-output>
        </test-method> <!-- runScenario -->
        <test-method status="PASS" signature="runScenario(io.cucumber.testng.PickleWrapper,io.cucumber.testng.FeatureWrapper)[pri:0, instance:org.example.testRunner.runners@52f759d7]" name="runScenario" duration-ms="22224" started-at="2022-07-27T21:49:20 EET" description="Runs Cucumber Scenarios" data-provider="scenarios" finished-at="2022-07-27T21:49:42 EET">
          <params>
            <param index="0">
              <value>
                <![CDATA["user could search for product using sku"]]>
              </value>
            </param>
            <param index="1">
              <value>
                <![CDATA["Search Feature"]]>
              </value>
            </param>
          </params>
          <reporter-output>
          </reporter-output>
        </test-method> <!-- runScenario -->
        <test-method status="PASS" signature="runScenario(io.cucumber.testng.PickleWrapper,io.cucumber.testng.FeatureWrapper)[pri:0, instance:org.example.testRunner.runners@52f759d7]" name="runScenario" duration-ms="12382" started-at="2022-07-27T21:49:42 EET" description="Runs Cucumber Scenarios" data-provider="scenarios" finished-at="2022-07-27T21:49:55 EET">
          <params>
            <param index="0">
              <value>
                <![CDATA["use Actions class in Selenium framework to hover on one of main categories then click on sub category"]]>
              </value>
            </param>
            <param index="1">
              <value>
                <![CDATA["hoverCategories Feature"]]>
              </value>
            </param>
          </params>
          <reporter-output>
          </reporter-output>
        </test-method> <!-- runScenario -->
        <test-method status="FAIL" signature="runScenario(io.cucumber.testng.PickleWrapper,io.cucumber.testng.FeatureWrapper)[pri:0, instance:org.example.testRunner.runners@52f759d7]" name="runScenario" duration-ms="10095" started-at="2022-07-27T21:49:55 EET" description="Runs Cucumber Scenarios" data-provider="scenarios" finished-at="2022-07-27T21:50:05 EET">
          <params>
            <param index="0">
              <value>
                <![CDATA["first slider is clickable on home page"]]>
              </value>
            </param>
            <param index="1">
              <value>
                <![CDATA["homeSliders Feature"]]>
              </value>
            </param>
          </params>
          <exception class="java.lang.AssertionError">
            <message>
              <![CDATA[The following asserts failed:
expected [https://demo.nopcommerce.com/nokia-lumia-1020] but found [https://demo.nopcommerce.com/]]]>
            </message>
            <full-stacktrace>
              <![CDATA[java.lang.AssertionError: The following asserts failed:
expected [https://demo.nopcommerce.com/nokia-lumia-1020] but found [https://demo.nopcommerce.com/]
at org.testng.asserts.SoftAssert.assertAll(SoftAssert.java:46)
at org.testng.asserts.SoftAssert.assertAll(SoftAssert.java:30)
at org.example.stepDefs.D06_homeSlidersStepDef.directUserToExpectedUrl(D06_homeSlidersStepDef.java:30)
at ✽.direct user to expected url(file:///C:/apache-maven-3.8.6/demonopcommerce/src/main/resources/features/F06_homeSliders.feature:6)
]]>
            </full-stacktrace>
          </exception> <!-- java.lang.AssertionError -->
          <reporter-output>
          </reporter-output>
        </test-method> <!-- runScenario -->
        <test-method status="FAIL" signature="runScenario(io.cucumber.testng.PickleWrapper,io.cucumber.testng.FeatureWrapper)[pri:0, instance:org.example.testRunner.runners@52f759d7]" name="runScenario" duration-ms="10199" started-at="2022-07-27T21:50:05 EET" description="Runs Cucumber Scenarios" data-provider="scenarios" finished-at="2022-07-27T21:50:15 EET">
          <params>
            <param index="0">
              <value>
                <![CDATA["second slider is clickable on home page"]]>
              </value>
            </param>
            <param index="1">
              <value>
                <![CDATA["homeSliders Feature"]]>
              </value>
            </param>
          </params>
          <exception class="java.lang.AssertionError">
            <message>
              <![CDATA[The following asserts failed:
expected [https://demo.nopcommerce.com/iphone-6] but found [https://demo.nopcommerce.com/]]]>
            </message>
            <full-stacktrace>
              <![CDATA[java.lang.AssertionError: The following asserts failed:
expected [https://demo.nopcommerce.com/iphone-6] but found [https://demo.nopcommerce.com/]
at org.testng.asserts.SoftAssert.assertAll(SoftAssert.java:46)
at org.testng.asserts.SoftAssert.assertAll(SoftAssert.java:30)
at org.example.stepDefs.D06_homeSlidersStepDef.directUserToExpectedSecondSlideUrl(D06_homeSlidersStepDef.java:44)
at ✽.direct user to expected second slide url(file:///C:/apache-maven-3.8.6/demonopcommerce/src/main/resources/features/F06_homeSliders.feature:10)
]]>
            </full-stacktrace>
          </exception> <!-- java.lang.AssertionError -->
          <reporter-output>
          </reporter-output>
        </test-method> <!-- runScenario -->
        <test-method status="PASS" signature="runScenario(io.cucumber.testng.PickleWrapper,io.cucumber.testng.FeatureWrapper)[pri:0, instance:org.example.testRunner.runners@52f759d7]" name="runScenario" duration-ms="16281" started-at="2022-07-27T21:50:15 EET" description="Runs Cucumber Scenarios" data-provider="scenarios" finished-at="2022-07-27T21:50:31 EET">
          <params>
            <param index="0">
              <value>
                <![CDATA["user opens facebook link"]]>
              </value>
            </param>
            <param index="1">
              <value>
                <![CDATA["users could open followUs links"]]>
              </value>
            </param>
          </params>
          <reporter-output>
          </reporter-output>
        </test-method> <!-- runScenario -->
        <test-method status="PASS" signature="runScenario(io.cucumber.testng.PickleWrapper,io.cucumber.testng.FeatureWrapper)[pri:0, instance:org.example.testRunner.runners@52f759d7]" name="runScenario" duration-ms="17969" started-at="2022-07-27T21:50:31 EET" description="Runs Cucumber Scenarios" data-provider="scenarios" finished-at="2022-07-27T21:50:49 EET">
          <params>
            <param index="0">
              <value>
                <![CDATA["user opens twitter link"]]>
              </value>
            </param>
            <param index="1">
              <value>
                <![CDATA["users could open followUs links"]]>
              </value>
            </param>
          </params>
          <reporter-output>
          </reporter-output>
        </test-method> <!-- runScenario -->
        <test-method status="FAIL" signature="runScenario(io.cucumber.testng.PickleWrapper,io.cucumber.testng.FeatureWrapper)[pri:0, instance:org.example.testRunner.runners@52f759d7]" name="runScenario" duration-ms="13959" started-at="2022-07-27T21:50:49 EET" description="Runs Cucumber Scenarios" data-provider="scenarios" finished-at="2022-07-27T21:51:03 EET">
          <params>
            <param index="0">
              <value>
                <![CDATA["user opens rss link"]]>
              </value>
            </param>
            <param index="1">
              <value>
                <![CDATA["users could open followUs links"]]>
              </value>
            </param>
          </params>
          <exception class="java.lang.IndexOutOfBoundsException">
            <message>
              <![CDATA[Index: 1, Size: 1]]>
            </message>
            <full-stacktrace>
              <![CDATA[java.lang.IndexOutOfBoundsException: Index: 1, Size: 1
at java.util.ArrayList.rangeCheck(ArrayList.java:659)
at java.util.ArrayList.get(ArrayList.java:435)
at org.example.stepDefs.D07_followUsStepDef.isOpenedInNewTab(D07_followUsStepDef.java:26)
at ✽."https://demo.nopcommerce.com/new-online-store-is-open" is opened in new tab(file:///C:/apache-maven-3.8.6/demonopcommerce/src/main/resources/features/F07_followUs.feature:14)
]]>
            </full-stacktrace>
          </exception> <!-- java.lang.IndexOutOfBoundsException -->
          <reporter-output>
          </reporter-output>
        </test-method> <!-- runScenario -->
        <test-method status="PASS" signature="runScenario(io.cucumber.testng.PickleWrapper,io.cucumber.testng.FeatureWrapper)[pri:0, instance:org.example.testRunner.runners@52f759d7]" name="runScenario" duration-ms="15896" started-at="2022-07-27T21:51:03 EET" description="Runs Cucumber Scenarios" data-provider="scenarios" finished-at="2022-07-27T21:51:19 EET">
          <params>
            <param index="0">
              <value>
                <![CDATA["user opens youtube link"]]>
              </value>
            </param>
            <param index="1">
              <value>
                <![CDATA["users could open followUs links"]]>
              </value>
            </param>
          </params>
          <reporter-output>
          </reporter-output>
        </test-method> <!-- runScenario -->
        <test-method status="PASS" signature="runScenario(io.cucumber.testng.PickleWrapper,io.cucumber.testng.FeatureWrapper)[pri:0, instance:org.example.testRunner.runners@52f759d7]" name="runScenario" duration-ms="12423" started-at="2022-07-27T21:51:19 EET" description="Runs Cucumber Scenarios" data-provider="scenarios" finished-at="2022-07-27T21:51:32 EET">
          <params>
            <param index="0">
              <value>
                <![CDATA["add product to your wishlist"]]>
              </value>
            </param>
            <param index="1">
              <value>
                <![CDATA["Wishlist Feature"]]>
              </value>
            </param>
          </params>
          <reporter-output>
          </reporter-output>
        </test-method> <!-- runScenario -->
        <test-method status="PASS" signature="runScenario(io.cucumber.testng.PickleWrapper,io.cucumber.testng.FeatureWrapper)[pri:0, instance:org.example.testRunner.runners@52f759d7]" name="runScenario" duration-ms="15698" started-at="2022-07-27T21:51:32 EET" description="Runs Cucumber Scenarios" data-provider="scenarios" finished-at="2022-07-27T21:51:47 EET">
          <params>
            <param index="0">
              <value>
                <![CDATA["click on succes message and check number of wishlist"]]>
              </value>
            </param>
            <param index="1">
              <value>
                <![CDATA["Wishlist Feature"]]>
              </value>
            </param>
          </params>
          <reporter-output>
          </reporter-output>
        </test-method> <!-- runScenario -->
        <test-method status="PASS" signature="tearDownClass()[pri:0, instance:org.example.testRunner.runners@52f759d7]" name="tearDownClass" is-config="true" duration-ms="998" started-at="2022-07-27T21:51:47 EET" finished-at="2022-07-27T21:51:48 EET">
          <reporter-output>
          </reporter-output>
        </test-method> <!-- tearDownClass -->
      </class> <!-- org.example.testRunner.runners -->
    </test> <!-- Surefire test -->
  </suite> <!-- Surefire suite -->
</testng-results>
