[{"line":2,"elements":[{"start_timestamp":"2022-07-19T19:26:07.400Z","before":[{"result":{"error_message":"org.openqa.selenium.TimeoutException: java.util.concurrent.TimeoutException\nBuild info: version: '4.3.0', revision: 'a4995e2c09*'\nSystem info: host: 'DESKTOP-9J129ML', ip: '192.168.1.12', os.name: 'Windows 10', os.arch: 'amd64', os.version: '10.0', java.version: '1.8.0_281'\nDriver info: org.openqa.selenium.chrome.ChromeDriver\nCommand: [efc2ef7f5dfd53a0f9209c922dfae9a5, get {url=https://demo.nopcommerce.com/}]\nCapabilities {acceptInsecureCerts: false, browserName: chrome, browserVersion: 103.0.5060.114, chrome: {chromedriverVersion: 103.0.5060.53 (a1711811edd7..., userDataDir: C:\\Users\\ENGAMR~1\\AppData\\L...}, goog:chromeOptions: {debuggerAddress: localhost:58245}, networkConnectionEnabled: false, pageLoadStrategy: normal, platformName: WINDOWS, proxy: Proxy(), se:cdp: ws://localhost:58245/devtoo..., se:cdpVersion: 103.0.5060.114, setWindowRect: true, strictFileInteractability: false, timeouts: {implicit: 0, pageLoad: 300000, script: 30000}, unhandledPromptBehavior: dismiss and notify, webauthn:extension:credBlob: true, webauthn:extension:largeBlob: true, webauthn:virtualAuthenticators: true}\nSession ID: efc2ef7f5dfd53a0f9209c922dfae9a5\r\n\tat org.openqa.selenium.remote.http.netty.NettyHttpHandler.makeCall(NettyHttpHandler.java:65)\r\n\tat org.openqa.selenium.remote.http.AddSeleniumUserAgent.lambda$apply$0(AddSeleniumUserAgent.java:42)\r\n\tat org.openqa.selenium.remote.http.Filter.lambda$andFinally$1(Filter.java:56)\r\n\tat org.openqa.selenium.remote.http.netty.NettyHttpHandler.execute(NettyHttpHandler.java:49)\r\n\tat org.openqa.selenium.remote.http.AddSeleniumUserAgent.lambda$apply$0(AddSeleniumUserAgent.java:42)\r\n\tat org.openqa.selenium.remote.http.Filter.lambda$andFinally$1(Filter.java:56)\r\n\tat org.openqa.selenium.remote.http.netty.NettyClient.execute(NettyClient.java:98)\r\n\tat org.openqa.selenium.remote.HttpCommandExecutor.execute(HttpCommandExecutor.java:181)\r\n\tat org.openqa.selenium.remote.service.DriverCommandExecutor.invokeExecute(DriverCommandExecutor.java:167)\r\n\tat org.openqa.selenium.remote.service.DriverCommandExecutor.execute(DriverCommandExecutor.java:142)\r\n\tat org.openqa.selenium.remote.RemoteWebDriver.execute(RemoteWebDriver.java:569)\r\n\tat org.openqa.selenium.remote.RemoteWebDriver.get(RemoteWebDriver.java:332)\r\n\tat org.openqa.selenium.remote.RemoteWebDriver$RemoteNavigation.to(RemoteWebDriver.java:1056)\r\n\tat org.example.stepDefs.Hooks.openBrowser(Hooks.java:20)\r\nCaused by: java.util.concurrent.TimeoutException\r\n\tat java.util.concurrent.CompletableFuture.timedGet(CompletableFuture.java:1784)\r\n\tat java.util.concurrent.CompletableFuture.get(CompletableFuture.java:1928)\r\n\tat org.asynchttpclient.netty.NettyResponseFuture.get(NettyResponseFuture.java:206)\r\n\tat org.openqa.selenium.remote.http.netty.NettyHttpHandler.makeCall(NettyHttpHandler.java:59)\r\n\tat org.openqa.selenium.remote.http.AddSeleniumUserAgent.lambda$apply$0(AddSeleniumUserAgent.java:42)\r\n\tat org.openqa.selenium.remote.http.Filter.lambda$andFinally$1(Filter.java:56)\r\n\tat org.openqa.selenium.remote.http.netty.NettyHttpHandler.execute(NettyHttpHandler.java:49)\r\n\tat org.openqa.selenium.remote.http.AddSeleniumUserAgent.lambda$apply$0(AddSeleniumUserAgent.java:42)\r\n\tat org.openqa.selenium.remote.http.Filter.lambda$andFinally$1(Filter.java:56)\r\n\tat org.openqa.selenium.remote.http.netty.NettyClient.execute(NettyClient.java:98)\r\n\tat org.openqa.selenium.remote.HttpCommandExecutor.execute(HttpCommandExecutor.java:181)\r\n\tat org.openqa.selenium.remote.service.DriverCommandExecutor.invokeExecute(DriverCommandExecutor.java:167)\r\n\tat org.openqa.selenium.remote.service.DriverCommandExecutor.execute(DriverCommandExecutor.java:142)\r\n\tat org.openqa.selenium.remote.RemoteWebDriver.execute(RemoteWebDriver.java:569)\r\n\tat org.openqa.selenium.remote.RemoteWebDriver.get(RemoteWebDriver.java:332)\r\n\tat org.openqa.selenium.remote.RemoteWebDriver$RemoteNavigation.to(RemoteWebDriver.java:1056)\r\n\tat org.example.stepDefs.Hooks.openBrowser(Hooks.java:20)\r\n\tat sun.reflect.NativeMethodAccessorImpl.invoke0(Native Method)\r\n\tat sun.reflect.NativeMethodAccessorImpl.invoke(NativeMethodAccessorImpl.java:62)\r\n\tat sun.reflect.DelegatingMethodAccessorImpl.invoke(DelegatingMethodAccessorImpl.java:43)\r\n\tat java.lang.reflect.Method.invoke(Method.java:498)\r\n\tat io.cucumber.java.Invoker.doInvoke(Invoker.java:66)\r\n\tat io.cucumber.java.Invoker.invokeStatic(Invoker.java:80)\r\n\tat io.cucumber.java.AbstractGlueDefinition.invokeMethod(AbstractGlueDefinition.java:45)\r\n\tat io.cucumber.java.JavaHookDefinition.execute(JavaHookDefinition.java:64)\r\n\tat io.cucumber.core.runner.CoreHookDefinition.execute(CoreHookDefinition.java:46)\r\n\tat io.cucumber.core.runner.HookDefinitionMatch.runStep(HookDefinitionMatch.java:21)\r\n\tat io.cucumber.core.runner.ExecutionMode$1.execute(ExecutionMode.java:10)\r\n\tat io.cucumber.core.runner.TestStep.executeStep(TestStep.java:85)\r\n\tat io.cucumber.core.runner.TestStep.run(TestStep.java:57)\r\n\tat io.cucumber.core.runner.TestCase.run(TestCase.java:78)\r\n\tat io.cucumber.core.runner.Runner.runPickle(Runner.java:75)\r\n\tat io.cucumber.testng.TestNGCucumberRunner.lambda$runScenario$1(TestNGCucumberRunner.java:132)\r\n\tat io.cucumber.core.runtime.CucumberExecutionContext.lambda$runTestCase$5(CucumberExecutionContext.java:129)\r\n\tat io.cucumber.core.runtime.RethrowingThrowableCollector.executeAndThrow(RethrowingThrowableCollector.java:23)\r\n\tat io.cucumber.core.runtime.CucumberExecutionContext.runTestCase(CucumberExecutionContext.java:129)\r\n\tat io.cucumber.testng.TestNGCucumberRunner.runScenario(TestNGCucumberRunner.java:129)\r\n\tat io.cucumber.testng.AbstractTestNGCucumberTests.runScenario(AbstractTestNGCucumberTests.java:35)\r\n\tat sun.reflect.NativeMethodAccessorImpl.invoke0(Native Method)\r\n\tat sun.reflect.NativeMethodAccessorImpl.invoke(NativeMethodAccessorImpl.java:62)\r\n\tat sun.reflect.DelegatingMethodAccessorImpl.invoke(DelegatingMethodAccessorImpl.java:43)\r\n\tat java.lang.reflect.Method.invoke(Method.java:498)\r\n\tat org.testng.internal.invokers.MethodInvocationHelper.invokeMethod(MethodInvocationHelper.java:135)\r\n\tat org.testng.internal.invokers.TestInvoker.invokeMethod(TestInvoker.java:673)\r\n\tat org.testng.internal.invokers.TestInvoker.invokeTestMethod(TestInvoker.java:220)\r\n\tat org.testng.internal.invokers.MethodRunner.runInSequence(MethodRunner.java:50)\r\n\tat org.testng.internal.invokers.TestInvoker$MethodInvocationAgent.invoke(TestInvoker.java:945)\r\n\tat org.testng.internal.invokers.TestInvoker.invokeTestMethods(TestInvoker.java:193)\r\n\tat org.testng.internal.invokers.TestMethodWorker.invokeTestMethods(TestMethodWorker.java:146)\r\n\tat org.testng.internal.invokers.TestMethodWorker.run(TestMethodWorker.java:128)\r\n\tat java.util.ArrayList.forEach(ArrayList.java:1259)\r\n\tat org.testng.TestRunner.privateRun(TestRunner.java:808)\r\n\tat org.testng.TestRunner.run(TestRunner.java:603)\r\n\tat org.testng.SuiteRunner.runTest(SuiteRunner.java:429)\r\n\tat org.testng.SuiteRunner.runSequentially(SuiteRunner.java:423)\r\n\tat org.testng.SuiteRunner.privateRun(SuiteRunner.java:383)\r\n\tat org.testng.SuiteRunner.run(SuiteRunner.java:326)\r\n\tat org.testng.SuiteRunnerWorker.runSuite(SuiteRunnerWorker.java:52)\r\n\tat org.testng.SuiteRunnerWorker.run(SuiteRunnerWorker.java:95)\r\n\tat org.testng.TestNG.runSuitesSequentially(TestNG.java:1249)\r\n\tat org.testng.TestNG.runSuitesLocally(TestNG.java:1169)\r\n\tat org.testng.TestNG.runSuites(TestNG.java:1092)\r\n\tat org.testng.TestNG.run(TestNG.java:1060)\r\n\tat com.intellij.rt.testng.IDEARemoteTestNG.run(IDEARemoteTestNG.java:66)\r\n\tat com.intellij.rt.testng.RemoteTestNGStarter.main(RemoteTestNGStarter.java:109)\r\n","duration":371723000000,"status":"failed"},"match":{"location":"org.example.stepDefs.Hooks.openBrowser()"}}],"line":3,"name":"guest user could register with valid data successfully","description":"","id":"f01-register-|-users-could-register-with-new-accounts;guest-user-could-register-with-valid-data-successfully","after":[{"result":{"error_message":"org.openqa.selenium.WebDriverException: Timed out waiting for driver server to stop.\nBuild info: version: '4.3.0', revision: 'a4995e2c09*'\nSystem info: host: 'DESKTOP-9J129ML', ip: '192.168.1.12', os.name: 'Windows 10', os.arch: 'amd64', os.version: '10.0', java.version: '1.8.0_281'\nDriver info: org.openqa.selenium.chrome.ChromeDriver\nCommand: [efc2ef7f5dfd53a0f9209c922dfae9a5, quit {}]\nCapabilities {acceptInsecureCerts: false, browserName: chrome, browserVersion: 103.0.5060.114, chrome: {chromedriverVersion: 103.0.5060.53 (a1711811edd7..., userDataDir: C:\\Users\\ENGAMR~1\\AppData\\L...}, goog:chromeOptions: {debuggerAddress: localhost:58245}, networkConnectionEnabled: false, pageLoadStrategy: normal, platformName: WINDOWS, proxy: Proxy(), se:cdp: ws://localhost:58245/devtoo..., se:cdpVersion: 103.0.5060.114, setWindowRect: true, strictFileInteractability: false, timeouts: {implicit: 0, pageLoad: 300000, script: 30000}, unhandledPromptBehavior: dismiss and notify, webauthn:extension:credBlob: true, webauthn:extension:largeBlob: true, webauthn:virtualAuthenticators: true}\nSession ID: efc2ef7f5dfd53a0f9209c922dfae9a5\r\n\tat org.openqa.selenium.remote.service.DriverCommandExecutor.execute(DriverCommandExecutor.java:132)\r\n\tat org.openqa.selenium.remote.RemoteWebDriver.execute(RemoteWebDriver.java:569)\r\n\tat org.openqa.selenium.remote.RemoteWebDriver.execute(RemoteWebDriver.java:624)\r\n\tat org.openqa.selenium.remote.RemoteWebDriver.execute(RemoteWebDriver.java:628)\r\n\tat org.openqa.selenium.remote.RemoteWebDriver.quit(RemoteWebDriver.java:465)\r\n\tat org.openqa.selenium.chromium.ChromiumDriver.quit(ChromiumDriver.java:280)\r\n\tat org.example.stepDefs.Hooks.quitDriver(Hooks.java:25)\r\nCaused by: java.util.concurrent.ExecutionException: org.openqa.selenium.TimeoutException: Process timed out after waiting for 20000 ms.\nBuild info: version: '4.3.0', revision: 'a4995e2c09*'\nSystem info: host: 'DESKTOP-9J129ML', ip: '192.168.1.12', os.name: 'Windows 10', os.arch: 'amd64', os.version: '10.0', java.version: '1.8.0_281'\nDriver info: driver.version: unknown\r\n\tat java.util.concurrent.CompletableFuture.reportGet(CompletableFuture.java:357)\r\n\tat java.util.concurrent.CompletableFuture.get(CompletableFuture.java:1928)\r\n\tat org.openqa.selenium.remote.service.DriverCommandExecutor.execute(DriverCommandExecutor.java:128)\r\n\tat org.openqa.selenium.remote.RemoteWebDriver.execute(RemoteWebDriver.java:569)\r\n\tat org.openqa.selenium.remote.RemoteWebDriver.execute(RemoteWebDriver.java:624)\r\n\tat org.openqa.selenium.remote.RemoteWebDriver.execute(RemoteWebDriver.java:628)\r\n\tat org.openqa.selenium.remote.RemoteWebDriver.quit(RemoteWebDriver.java:465)\r\n\tat org.openqa.selenium.chromium.ChromiumDriver.quit(ChromiumDriver.java:280)\r\n\tat org.example.stepDefs.Hooks.quitDriver(Hooks.java:25)\r\n\tat sun.reflect.NativeMethodAccessorImpl.invoke0(Native Method)\r\n\tat sun.reflect.NativeMethodAccessorImpl.invoke(NativeMethodAccessorImpl.java:62)\r\n\tat sun.reflect.DelegatingMethodAccessorImpl.invoke(DelegatingMethodAccessorImpl.java:43)\r\n\tat java.lang.reflect.Method.invoke(Method.java:498)\r\n\tat io.cucumber.java.Invoker.doInvoke(Invoker.java:66)\r\n\tat io.cucumber.java.Invoker.invokeStatic(Invoker.java:80)\r\n\tat io.cucumber.java.AbstractGlueDefinition.invokeMethod(AbstractGlueDefinition.java:45)\r\n\tat io.cucumber.java.JavaHookDefinition.execute(JavaHookDefinition.java:64)\r\n\tat io.cucumber.core.runner.CoreHookDefinition.execute(CoreHookDefinition.java:46)\r\n\tat io.cucumber.core.runner.HookDefinitionMatch.runStep(HookDefinitionMatch.java:21)\r\n\tat io.cucumber.core.runner.ExecutionMode$1.execute(ExecutionMode.java:10)\r\n\tat io.cucumber.core.runner.TestStep.executeStep(TestStep.java:85)\r\n\tat io.cucumber.core.runner.TestStep.run(TestStep.java:57)\r\n\tat io.cucumber.core.runner.TestCase.run(TestCase.java:90)\r\n\tat io.cucumber.core.runner.Runner.runPickle(Runner.java:75)\r\n\tat io.cucumber.testng.TestNGCucumberRunner.lambda$runScenario$1(TestNGCucumberRunner.java:132)\r\n\tat io.cucumber.core.runtime.CucumberExecutionContext.lambda$runTestCase$5(CucumberExecutionContext.java:129)\r\n\tat io.cucumber.core.runtime.RethrowingThrowableCollector.executeAndThrow(RethrowingThrowableCollector.java:23)\r\n\tat io.cucumber.core.runtime.CucumberExecutionContext.runTestCase(CucumberExecutionContext.java:129)\r\n\tat io.cucumber.testng.TestNGCucumberRunner.runScenario(TestNGCucumberRunner.java:129)\r\n\tat io.cucumber.testng.AbstractTestNGCucumberTests.runScenario(AbstractTestNGCucumberTests.java:35)\r\n\tat sun.reflect.NativeMethodAccessorImpl.invoke0(Native Method)\r\n\tat sun.reflect.NativeMethodAccessorImpl.invoke(NativeMethodAccessorImpl.java:62)\r\n\tat sun.reflect.DelegatingMethodAccessorImpl.invoke(DelegatingMethodAccessorImpl.java:43)\r\n\tat java.lang.reflect.Method.invoke(Method.java:498)\r\n\tat org.testng.internal.invokers.MethodInvocationHelper.invokeMethod(MethodInvocationHelper.java:135)\r\n\tat org.testng.internal.invokers.TestInvoker.invokeMethod(TestInvoker.java:673)\r\n\tat org.testng.internal.invokers.TestInvoker.invokeTestMethod(TestInvoker.java:220)\r\n\tat org.testng.internal.invokers.MethodRunner.runInSequence(MethodRunner.java:50)\r\n\tat org.testng.internal.invokers.TestInvoker$MethodInvocationAgent.invoke(TestInvoker.java:945)\r\n\tat org.testng.internal.invokers.TestInvoker.invokeTestMethods(TestInvoker.java:193)\r\n\tat org.testng.internal.invokers.TestMethodWorker.invokeTestMethods(TestMethodWorker.java:146)\r\n\tat org.testng.internal.invokers.TestMethodWorker.run(TestMethodWorker.java:128)\r\n\tat java.util.ArrayList.forEach(ArrayList.java:1259)\r\n\tat org.testng.TestRunner.privateRun(TestRunner.java:808)\r\n\tat org.testng.TestRunner.run(TestRunner.java:603)\r\n\tat org.testng.SuiteRunner.runTest(SuiteRunner.java:429)\r\n\tat org.testng.SuiteRunner.runSequentially(SuiteRunner.java:423)\r\n\tat org.testng.SuiteRunner.privateRun(SuiteRunner.java:383)\r\n\tat org.testng.SuiteRunner.run(SuiteRunner.java:326)\r\n\tat org.testng.SuiteRunnerWorker.runSuite(SuiteRunnerWorker.java:52)\r\n\tat org.testng.SuiteRunnerWorker.run(SuiteRunnerWorker.java:95)\r\n\tat org.testng.TestNG.runSuitesSequentially(TestNG.java:1249)\r\n\tat org.testng.TestNG.runSuitesLocally(TestNG.java:1169)\r\n\tat org.testng.TestNG.runSuites(TestNG.java:1092)\r\n\tat org.testng.TestNG.run(TestNG.java:1060)\r\n\tat com.intellij.rt.testng.IDEARemoteTestNG.run(IDEARemoteTestNG.java:66)\r\n\tat com.intellij.rt.testng.RemoteTestNGStarter.main(RemoteTestNGStarter.java:109)\r\nCaused by: org.openqa.selenium.TimeoutException: Process timed out after waiting for 20000 ms.\nBuild info: version: '4.3.0', revision: 'a4995e2c09*'\nSystem info: host: 'DESKTOP-9J129ML', ip: '192.168.1.12', os.name: 'Windows 10', os.arch: 'amd64', os.version: '10.0', java.version: '1.8.0_281'\nDriver info: driver.version: unknown\r\n\tat org.openqa.selenium.os.OsProcess.waitFor(OsProcess.java:174)\r\n\tat org.openqa.selenium.os.CommandLine.waitFor(CommandLine.java:114)\r\n\tat org.openqa.selenium.remote.service.DriverCommandExecutor.lambda$execute$2(DriverCommandExecutor.java:122)\r\n\tat java.util.concurrent.CompletableFuture$AsyncSupply.run(CompletableFuture.java:1604)\r\n\tat java.util.concurrent.ThreadPoolExecutor.runWorker(ThreadPoolExecutor.java:1149)\r\n\tat java.util.concurrent.ThreadPoolExecutor$Worker.run(ThreadPoolExecutor.java:624)\r\n\tat java.lang.Thread.run(Thread.java:748)\r\n","duration":26897000000,"status":"failed"},"match":{"location":"org.example.stepDefs.Hooks.quitDriver()"}}],"type":"scenario","keyword":"Scenario","steps":[{"result":{"status":"skipped"},"line":4,"name":"user go to register page","match":{"location":"org.example.stepDefs.D01_registerStepDef.goRegisterPage()"},"keyword":"Given "},{"result":{"duration":1000000,"status":"skipped"},"line":5,"name":"user select gender type","match":{"location":"org.example.stepDefs.D01_registerStepDef.select_gender()"},"keyword":"When "},{"result":{"status":"skipped"},"line":6,"name":"user enter first name \"automation\" and last name \"tester\"","match":{"location":"org.example.stepDefs.D01_registerStepDef.enter_name()"},"keyword":"And "},{"result":{"duration":1000000,"status":"skipped"},"line":7,"name":"user enter date of birth","match":{"location":"org.example.stepDefs.D01_registerStepDef.enter_date()"},"keyword":"And "},{"result":{"status":"skipped"},"line":8,"name":"user enter email \"test@example.com\" field","match":{"location":"org.example.stepDefs.D01_registerStepDef.enter_email()"},"keyword":"And "},{"result":{"status":"skipped"},"line":9,"name":"user fills Password fields \"P@ssw0rd\" \"P@ssw0rd\"","match":{"location":"org.example.stepDefs.D01_registerStepDef.fills_password()"},"keyword":"And "},{"result":{"status":"skipped"},"line":10,"name":"user clicks on register button","match":{"location":"org.example.stepDefs.D01_registerStepDef.click_button()"},"keyword":"And "},{"result":{"status":"skipped"},"line":11,"name":"success message is displayed","match":{"location":"org.example.stepDefs.D01_registerStepDef.success_message()"},"keyword":"Then "}],"tags":[{"name":"@smoke"}]}],"name":"F01_Register | users could register with new accounts","description":"","id":"f01-register-|-users-could-register-with-new-accounts","keyword":"Feature","uri":"file:src/main/resources/features/F01_Register.feature","tags":[{"name":"@smoke","type":"Tag","location":{"line":1,"column":1}}]},{"line":2,"elements":[{"line":3,"name":"user open login page","description":"","type":"background","keyword":"Background","steps":[{"result":{"duration":2029000000,"status":"passed"},"line":4,"name":"user go to login page","match":{"location":"org.example.stepDefs.D02_loginStepDef.login_page()"},"keyword":"Given "}]},{"start_timestamp":"2022-07-19T19:32:46.265Z","before":[{"result":{"duration":9710000000,"status":"passed"},"match":{"location":"org.example.stepDefs.Hooks.openBrowser()"}}],"line":5,"name":"user could login with valid email and password","description":"","id":"f02-login-|-users-could-use-login-functionality-to-use-their-accounts;user-could-login-with-valid-email-and-password","after":[{"result":{"duration":4231000000,"status":"passed"},"match":{"location":"org.example.stepDefs.Hooks.quitDriver()"}}],"type":"scenario","keyword":"Scenario","steps":[{"result":{"duration":430000000,"status":"passed"},"line":6,"name":"user login with valid \"test104@example.com\"","match":{"arguments":[{"val":"\"test104@example.com\"","offset":22}],"location":"org.example.stepDefs.D02_loginStepDef.userLoginWithValid(java.lang.String)"},"keyword":"When "},{"result":{"duration":291000000,"status":"passed"},"line":7,"name":"valid \"P@ssw0rd\"","match":{"arguments":[{"val":"\"P@ssw0rd\"","offset":6}],"location":"org.example.stepDefs.D02_loginStepDef.valid(java.lang.String)"},"keyword":"And "},{"result":{"duration":5627000000,"status":"passed"},"line":8,"name":"user press on login button","match":{"location":"org.example.stepDefs.D02_loginStepDef.login_button()"},"keyword":"And "},{"result":{"error_message":"java.lang.AssertionError: The following asserts failed:\n\texpected [https://demo.nopcommerce.com/] but found [https://demo.nopcommerce.com/login?returnurl=%2F]\r\n\tat org.testng.asserts.SoftAssert.assertAll(SoftAssert.java:46)\r\n\tat org.testng.asserts.SoftAssert.assertAll(SoftAssert.java:30)\r\n\tat org.example.stepDefs.D02_loginStepDef.userLoginToTheSystemSuccessfully(D02_loginStepDef.java:57)\r\n\tat ✽.user login to the system successfully(file:///C:/apache-maven-3.8.6/demonopcommerce/src/main/resources/features/F02_Login.feature:9)\r\n","duration":264000000,"status":"failed"},"line":9,"name":"user login to the system successfully","match":{"location":"org.example.stepDefs.D02_loginStepDef.userLoginToTheSystemSuccessfully()"},"keyword":"Then "}],"tags":[{"name":"@smoke"}]},{"line":3,"name":"user open login page","description":"","type":"background","keyword":"Background","steps":[{"result":{"duration":2763000000,"status":"passed"},"line":4,"name":"user go to login page","match":{"location":"org.example.stepDefs.D02_loginStepDef.login_page()"},"keyword":"Given "}]},{"start_timestamp":"2022-07-19T19:33:08.882Z","before":[{"result":{"duration":7006000000,"status":"passed"},"match":{"location":"org.example.stepDefs.Hooks.openBrowser()"}}],"line":12,"name":"user could login with invalid email and password","description":"","id":"f02-login-|-users-could-use-login-functionality-to-use-their-accounts;user-could-login-with-invalid-email-and-password","after":[{"result":{"duration":3984000000,"status":"passed"},"match":{"location":"org.example.stepDefs.Hooks.quitDriver()"}}],"type":"scenario","keyword":"Scenario","steps":[{"result":{"duration":156000000,"status":"passed"},"line":13,"name":"user login with invalid \"test000@example.com\"","match":{"arguments":[{"val":"\"test000@example.com\"","offset":24}],"location":"org.example.stepDefs.D02_loginStepDef.userLoginWithInvalid(java.lang.String)"},"keyword":"When "},{"result":{"duration":188000000,"status":"passed"},"line":14,"name":"invalid \"P@ssw0rd\"","match":{"arguments":[{"val":"\"P@ssw0rd\"","offset":8}],"location":"org.example.stepDefs.D02_loginStepDef.invalid(java.lang.String)"},"keyword":"And "},{"result":{"duration":5003000000,"status":"passed"},"line":15,"name":"user press on login button","match":{"location":"org.example.stepDefs.D02_loginStepDef.login_button()"},"keyword":"And "},{"result":{"duration":129000000,"status":"passed"},"line":16,"name":"user could not login to the system","match":{"location":"org.example.stepDefs.D02_loginStepDef.userCouldNotLoginToTheSystem()"},"keyword":"Then "}],"tags":[{"name":"@smoke"}]}],"name":"F02_Login | users could use login functionality to use their accounts","description":"","id":"f02-login-|-users-could-use-login-functionality-to-use-their-accounts","keyword":"Feature","uri":"file:src/main/resources/features/F02_Login.feature","tags":[{"name":"@smoke","type":"Tag","location":{"line":1,"column":1}}]},{"line":2,"elements":[{"start_timestamp":"2022-07-19T19:33:28.142Z","before":[{"result":{"duration":5933000000,"status":"passed"},"match":{"location":"org.example.stepDefs.Hooks.openBrowser()"}}],"line":3,"name":"user could change currency feature","description":"","id":"change-currency-feature;user-could-change-currency-feature","after":[{"result":{"duration":3977000000,"status":"passed"},"match":{"location":"org.example.stepDefs.Hooks.quitDriver()"}}],"type":"scenario","keyword":"Scenario","steps":[{"result":{"duration":866000000,"status":"passed"},"line":4,"name":"user go to home page","match":{"location":"org.example.stepDefs.D03_currenciesStepDef.home_page()"},"keyword":"Given "},{"result":{"duration":3811000000,"status":"passed"},"line":5,"name":"Select Euro currency from the dropdown list","match":{"location":"org.example.stepDefs.D03_currenciesStepDef.select_Euro()"},"keyword":"When "},{"result":{"duration":189000000,"status":"passed"},"line":6,"name":"Euro Symbol (€) is shown on the four products","match":{"location":"org.example.stepDefs.D03_currenciesStepDef.euro_symbol()"},"keyword":"Then "}],"tags":[{"name":"@smoke"}]}],"name":"Change Currency Feature","description":"","id":"change-currency-feature","keyword":"Feature","uri":"file:src/main/resources/features/F03_currencies.feature","tags":[{"name":"@smoke","type":"Tag","location":{"line":1,"column":1}}]},{"line":2,"elements":[{"line":3,"name":"user open home page","description":"","type":"background","keyword":"Background","steps":[{"result":{"duration":732000000,"status":"passed"},"line":4,"name":"user navigates to home page","match":{"location":"org.example.stepDefs.D04_searchStepDef.home_page()"},"keyword":"Given "}]},{"start_timestamp":"2022-07-19T19:33:42.935Z","before":[{"result":{"duration":5214000000,"status":"passed"},"match":{"location":"org.example.stepDefs.Hooks.openBrowser()"}}],"line":12,"name":"user could search using product name","description":"","id":"search-feature;user-could-search-using-product-name;;2","after":[{"result":{"duration":3963000000,"status":"passed"},"match":{"location":"org.example.stepDefs.Hooks.quitDriver()"}}],"type":"scenario","keyword":"Scenario Outline","steps":[{"result":{"error_message":"java.lang.IndexOutOfBoundsException: Index: 1, Size: 1\r\n\tat java.util.ArrayList.rangeCheck(ArrayList.java:659)\r\n\tat java.util.ArrayList.get(ArrayList.java:435)\r\n\tat org.example.stepDefs.D04_searchStepDef.iEnterProductNameAs(D04_searchStepDef.java:32)\r\n\tat ✽.I enter product name as \"book\"(file:///C:/apache-maven-3.8.6/demonopcommerce/src/main/resources/features/F04_Search.feature:8)\r\n","duration":150000000,"status":"failed"},"line":8,"name":"I enter product name as \"book\"","match":{"arguments":[{"val":"\"book\"","offset":24}],"location":"org.example.stepDefs.D04_searchStepDef.iEnterProductNameAs(java.lang.String)"},"keyword":"When "},{"result":{"duration":1000000,"status":"skipped"},"line":9,"name":"user clicks on search button","match":{"location":"org.example.stepDefs.D04_searchStepDef.user_clicks_on_search_button()"},"keyword":"And "}],"tags":[{"name":"@smoke"}]},{"line":3,"name":"user open home page","description":"","type":"background","keyword":"Background","steps":[{"result":{"duration":743000000,"status":"passed"},"line":4,"name":"user navigates to home page","match":{"location":"org.example.stepDefs.D04_searchStepDef.home_page()"},"keyword":"Given "}]},{"start_timestamp":"2022-07-19T19:33:53.042Z","before":[{"result":{"duration":4662000000,"status":"passed"},"match":{"location":"org.example.stepDefs.Hooks.openBrowser()"}}],"line":13,"name":"user could search using product name","description":"","id":"search-feature;user-could-search-using-product-name;;3","after":[{"result":{"duration":3996000000,"status":"passed"},"match":{"location":"org.example.stepDefs.Hooks.quitDriver()"}}],"type":"scenario","keyword":"Scenario Outline","steps":[{"result":{"error_message":"java.lang.IndexOutOfBoundsException: Index: 1, Size: 1\r\n\tat java.util.ArrayList.rangeCheck(ArrayList.java:659)\r\n\tat java.util.ArrayList.get(ArrayList.java:435)\r\n\tat org.example.stepDefs.D04_searchStepDef.iEnterProductNameAs(D04_searchStepDef.java:32)\r\n\tat ✽.I enter product name as \"laptop\"(file:///C:/apache-maven-3.8.6/demonopcommerce/src/main/resources/features/F04_Search.feature:8)\r\n","duration":159000000,"status":"failed"},"line":8,"name":"I enter product name as \"laptop\"","match":{"arguments":[{"val":"\"laptop\"","offset":24}],"location":"org.example.stepDefs.D04_searchStepDef.iEnterProductNameAs(java.lang.String)"},"keyword":"When "},{"result":{"status":"skipped"},"line":9,"name":"user clicks on search button","match":{"location":"org.example.stepDefs.D04_searchStepDef.user_clicks_on_search_button()"},"keyword":"And "}],"tags":[{"name":"@smoke"}]},{"line":3,"name":"user open home page","description":"","type":"background","keyword":"Background","steps":[{"result":{"duration":713000000,"status":"passed"},"line":4,"name":"user navigates to home page","match":{"location":"org.example.stepDefs.D04_searchStepDef.home_page()"},"keyword":"Given "}]},{"start_timestamp":"2022-07-19T19:34:02.648Z","before":[{"result":{"duration":5172000000,"status":"passed"},"match":{"location":"org.example.stepDefs.Hooks.openBrowser()"}}],"line":14,"name":"user could search using product name","description":"","id":"search-feature;user-could-search-using-product-name;;4","after":[{"result":{"duration":3952000000,"status":"passed"},"match":{"location":"org.example.stepDefs.Hooks.quitDriver()"}}],"type":"scenario","keyword":"Scenario Outline","steps":[{"result":{"error_message":"java.lang.IndexOutOfBoundsException: Index: 1, Size: 1\r\n\tat java.util.ArrayList.rangeCheck(ArrayList.java:659)\r\n\tat java.util.ArrayList.get(ArrayList.java:435)\r\n\tat org.example.stepDefs.D04_searchStepDef.iEnterProductNameAs(D04_searchStepDef.java:32)\r\n\tat ✽.I enter product name as \"nike\"(file:///C:/apache-maven-3.8.6/demonopcommerce/src/main/resources/features/F04_Search.feature:8)\r\n","duration":155000000,"status":"failed"},"line":8,"name":"I enter product name as \"nike\"","match":{"arguments":[{"val":"\"nike\"","offset":24}],"location":"org.example.stepDefs.D04_searchStepDef.iEnterProductNameAs(java.lang.String)"},"keyword":"When "},{"result":{"status":"skipped"},"line":9,"name":"user clicks on search button","match":{"location":"org.example.stepDefs.D04_searchStepDef.user_clicks_on_search_button()"},"keyword":"And "}],"tags":[{"name":"@smoke"}]},{"line":3,"name":"user open home page","description":"","type":"background","keyword":"Background","steps":[{"result":{"duration":658000000,"status":"passed"},"line":4,"name":"user navigates to home page","match":{"location":"org.example.stepDefs.D04_searchStepDef.home_page()"},"keyword":"Given "}]},{"start_timestamp":"2022-07-19T19:34:12.672Z","before":[{"result":{"duration":4307000000,"status":"passed"},"match":{"location":"org.example.stepDefs.Hooks.openBrowser()"}}],"line":20,"name":"user could search for product using sku","description":"","id":"search-feature;user-could-search-for-product-using-sku;;2","after":[{"result":{"duration":4080000000,"status":"passed"},"match":{"location":"org.example.stepDefs.Hooks.quitDriver()"}}],"type":"scenario","keyword":"Scenario Outline","steps":[{"result":{"duration":178000000,"status":"passed"},"line":16,"name":"I enter product name using sku as \"SCI_FAITH\"","match":{"arguments":[{"val":"\"SCI_FAITH\"","offset":34}],"location":"org.example.stepDefs.D04_searchStepDef.iEnterProductNameUsingSkuAs(java.lang.String)"},"keyword":"When "},{"result":{"duration":5559000000,"status":"passed"},"line":17,"name":"user clicks on search button","match":{"location":"org.example.stepDefs.D04_searchStepDef.user_clicks_on_search_button()"},"keyword":"And "}],"tags":[{"name":"@smoke"}]},{"line":3,"name":"user open home page","description":"","type":"background","keyword":"Background","steps":[{"result":{"duration":636000000,"status":"passed"},"line":4,"name":"user navigates to home page","match":{"location":"org.example.stepDefs.D04_searchStepDef.home_page()"},"keyword":"Given "}]},{"start_timestamp":"2022-07-19T19:34:27.468Z","before":[{"result":{"duration":4609000000,"status":"passed"},"match":{"location":"org.example.stepDefs.Hooks.openBrowser()"}}],"line":21,"name":"user could search for product using sku","description":"","id":"search-feature;user-could-search-for-product-using-sku;;3","after":[{"result":{"duration":4289000000,"status":"passed"},"match":{"location":"org.example.stepDefs.Hooks.quitDriver()"}}],"type":"scenario","keyword":"Scenario Outline","steps":[{"result":{"duration":167000000,"status":"passed"},"line":16,"name":"I enter product name using sku as \"APPLE_CAM\"","match":{"arguments":[{"val":"\"APPLE_CAM\"","offset":34}],"location":"org.example.stepDefs.D04_searchStepDef.iEnterProductNameUsingSkuAs(java.lang.String)"},"keyword":"When "},{"result":{"duration":5312000000,"status":"passed"},"line":17,"name":"user clicks on search button","match":{"location":"org.example.stepDefs.D04_searchStepDef.user_clicks_on_search_button()"},"keyword":"And "}],"tags":[{"name":"@smoke"}]},{"line":3,"name":"user open home page","description":"","type":"background","keyword":"Background","steps":[{"result":{"duration":726000000,"status":"passed"},"line":4,"name":"user navigates to home page","match":{"location":"org.example.stepDefs.D04_searchStepDef.home_page()"},"keyword":"Given "}]},{"start_timestamp":"2022-07-19T19:34:42.537Z","before":[{"result":{"duration":5655000000,"status":"passed"},"match":{"location":"org.example.stepDefs.Hooks.openBrowser()"}}],"line":22,"name":"user could search for product using sku","description":"","id":"search-feature;user-could-search-for-product-using-sku;;4","after":[{"result":{"duration":4414000000,"status":"passed"},"match":{"location":"org.example.stepDefs.Hooks.quitDriver()"}}],"type":"scenario","keyword":"Scenario Outline","steps":[{"result":{"duration":163000000,"status":"passed"},"line":16,"name":"I enter product name using sku as \"SF_PRO_11\"","match":{"arguments":[{"val":"\"SF_PRO_11\"","offset":34}],"location":"org.example.stepDefs.D04_searchStepDef.iEnterProductNameUsingSkuAs(java.lang.String)"},"keyword":"When "},{"result":{"duration":5202000000,"status":"passed"},"line":17,"name":"user clicks on search button","match":{"location":"org.example.stepDefs.D04_searchStepDef.user_clicks_on_search_button()"},"keyword":"And "}],"tags":[{"name":"@smoke"}]}],"name":"Search Feature","description":"","id":"search-feature","keyword":"Feature","uri":"file:src/main/resources/features/F04_Search.feature","tags":[{"name":"@smoke","type":"Tag","location":{"line":1,"column":1}}]},{"line":2,"elements":[{"start_timestamp":"2022-07-19T19:34:58.712Z","before":[{"result":{"duration":5014000000,"status":"passed"},"match":{"location":"org.example.stepDefs.Hooks.openBrowser()"}}],"line":3,"name":"use Actions class in Selenium framework to hover on one of main categories then click on sub category","description":"","id":"hovercategories-feature;use-actions-class-in-selenium-framework-to-hover-on-one-of-main-categories-then-click-on-sub-category","after":[{"result":{"duration":4357000000,"status":"passed"},"match":{"location":"org.example.stepDefs.Hooks.quitDriver()"}}],"type":"scenario","keyword":"Scenario","steps":[{"result":{"error_message":"org.openqa.selenium.InvalidSelectorException: invalid selector: Unable to locate an element with the xpath expression //ul[@class=\\\"top-menu notmobile\\\"]/li because of the following error:\nSyntaxError: Failed to execute 'evaluate' on 'Document': The string '//ul[@class=\\\"top-menu notmobile\\\"]/li' is not a valid XPath expression.\n  (Session info: chrome=103.0.5060.114)\nFor documentation on this error, please visit: https://selenium.dev/exceptions/#invalid_selector_exception\nBuild info: version: '4.3.0', revision: 'a4995e2c09*'\nSystem info: host: 'DESKTOP-9J129ML', ip: '192.168.1.12', os.name: 'Windows 10', os.arch: 'amd64', os.version: '10.0', java.version: '1.8.0_281'\nDriver info: org.openqa.selenium.chrome.ChromeDriver\nCommand: [a2895ea203875a5caa320d09969229c3, findElements {using=xpath, value=//ul[@class=\\\"top-menu notmobile\\\"]/li}]\nCapabilities {acceptInsecureCerts: false, browserName: chrome, browserVersion: 103.0.5060.114, chrome: {chromedriverVersion: 103.0.5060.53 (a1711811edd7..., userDataDir: C:\\Users\\ENGAMR~1\\AppData\\L...}, goog:chromeOptions: {debuggerAddress: localhost:57060}, networkConnectionEnabled: false, pageLoadStrategy: normal, platformName: WINDOWS, proxy: Proxy(), se:cdp: ws://localhost:57060/devtoo..., se:cdpVersion: 103.0.5060.114, setWindowRect: true, strictFileInteractability: false, timeouts: {implicit: 0, pageLoad: 300000, script: 30000}, unhandledPromptBehavior: dismiss and notify, webauthn:extension:credBlob: true, webauthn:extension:largeBlob: true, webauthn:virtualAuthenticators: true}\nSession ID: a2895ea203875a5caa320d09969229c3\r\n\tat sun.reflect.NativeConstructorAccessorImpl.newInstance0(Native Method)\r\n\tat sun.reflect.NativeConstructorAccessorImpl.newInstance(NativeConstructorAccessorImpl.java:62)\r\n\tat sun.reflect.DelegatingConstructorAccessorImpl.newInstance(DelegatingConstructorAccessorImpl.java:45)\r\n\tat java.lang.reflect.Constructor.newInstance(Constructor.java:423)\r\n\tat org.openqa.selenium.remote.codec.w3c.W3CHttpResponseCodec.createException(W3CHttpResponseCodec.java:200)\r\n\tat org.openqa.selenium.remote.codec.w3c.W3CHttpResponseCodec.decode(W3CHttpResponseCodec.java:133)\r\n\tat org.openqa.selenium.remote.codec.w3c.W3CHttpResponseCodec.decode(W3CHttpResponseCodec.java:53)\r\n\tat org.openqa.selenium.remote.HttpCommandExecutor.execute(HttpCommandExecutor.java:184)\r\n\tat org.openqa.selenium.remote.service.DriverCommandExecutor.invokeExecute(DriverCommandExecutor.java:167)\r\n\tat org.openqa.selenium.remote.service.DriverCommandExecutor.execute(DriverCommandExecutor.java:142)\r\n\tat org.openqa.selenium.remote.RemoteWebDriver.execute(RemoteWebDriver.java:569)\r\n\tat org.openqa.selenium.remote.ElementLocation$ElementFinder$2.findElements(ElementLocation.java:179)\r\n\tat org.openqa.selenium.remote.ElementLocation.findElements(ElementLocation.java:102)\r\n\tat org.openqa.selenium.remote.RemoteWebDriver.findElements(RemoteWebDriver.java:402)\r\n\tat org.openqa.selenium.remote.RemoteWebDriver.findElements(RemoteWebDriver.java:394)\r\n\tat org.example.pages.P03_homePage.hoverCategories(P03_homePage.java:23)\r\n\tat org.example.stepDefs.D05_hoverCategoriesStepDef.hoverOnOneOfMainCategories(D05_hoverCategoriesStepDef.java:19)\r\n\tat ✽.hover on one of main categories(file:///C:/apache-maven-3.8.6/demonopcommerce/src/main/resources/features/F05_hoverCategories.feature:4)\r\n","duration":58000000,"status":"failed"},"line":4,"name":"hover on one of main categories","match":{"location":"org.example.stepDefs.D05_hoverCategoriesStepDef.hoverOnOneOfMainCategories()"},"keyword":"When "},{"result":{"status":"skipped"},"line":5,"name":"click on sub category","match":{"location":"org.example.stepDefs.D05_hoverCategoriesStepDef.clickOnSubCategory()"},"keyword":"And "}],"tags":[{"name":"@smoke"}]}],"name":"hoverCategories Feature","description":"","id":"hovercategories-feature","keyword":"Feature","uri":"file:src/main/resources/features/F05_hoverCategories.feature","tags":[{"name":"@smoke","type":"Tag","location":{"line":1,"column":1}}]}]